[    0.000000] Initializing cgroup subsys cpuset
[    0.000000] Initializing cgroup subsys cpu
[    0.000000] Initializing cgroup subsys cpuacct
[    0.000000] Linux version 4.4.0-210-generic (buildd@lgw01-amd64-009) (gcc version 5.4.0 20160609 (Ubuntu 5.4.0-6ubuntu1~16.04.12) ) #242-Ubuntu SMP Fri Apr 16 09:57:56 UTC 2021 (Ubuntu 4.4.0-210.242-generic 4.4.262)
[    0.000000] Command line: BOOT_IMAGE=/boot/vmlinuz-4.4.0-210-generic root=LABEL=cloudimg-rootfs ro console=tty1 console=ttyS0
[    0.000000] KERNEL supported cpus:
[    0.000000]   Intel GenuineIntel
[    0.000000]   AMD AuthenticAMD
[    0.000000]   Centaur CentaurHauls
[    0.000000] x86/fpu: xstate_offset[2]:  576, xstate_sizes[2]:  256
[    0.000000] x86/fpu: Supporting XSAVE feature 0x01: 'x87 floating point registers'
[    0.000000] x86/fpu: Supporting XSAVE feature 0x02: 'SSE registers'
[    0.000000] x86/fpu: Supporting XSAVE feature 0x04: 'AVX registers'
[    0.000000] x86/fpu: Enabled xstate features 0x7, context size is 832 bytes, using 'standard' format.
[    0.000000] e820: BIOS-provided physical RAM map:
[    0.000000] BIOS-e820: [mem 0x0000000000000000-0x000000000009fbff] usable
[    0.000000] BIOS-e820: [mem 0x000000000009fc00-0x000000000009ffff] reserved
[    0.000000] BIOS-e820: [mem 0x00000000000f0000-0x00000000000fffff] reserved
[    0.000000] BIOS-e820: [mem 0x0000000000100000-0x00000000dffeffff] usable
[    0.000000] BIOS-e820: [mem 0x00000000dfff0000-0x00000000dfffffff] ACPI data
[    0.000000] BIOS-e820: [mem 0x00000000fec00000-0x00000000fec00fff] reserved
[    0.000000] BIOS-e820: [mem 0x00000000fee00000-0x00000000fee00fff] reserved
[    0.000000] BIOS-e820: [mem 0x00000000fffc0000-0x00000000ffffffff] reserved
[    0.000000] BIOS-e820: [mem 0x0000000100000000-0x000000011fffffff] usable
[    0.000000] NX (Execute Disable) protection: active
[    0.000000] SMBIOS 2.5 present.
[    0.000000] Hypervisor detected: KVM
[    0.000000] e820: last_pfn = 0x120000 max_arch_pfn = 0x400000000
[    0.000000] MTRR: Disabled
[    0.000000] x86/PAT: MTRRs disabled, skipping PAT initialization too.
[    0.000000] CPU MTRRs all blank - virtualized system.
[    0.000000] x86/PAT: Configuration [0-7]: WB  WT  UC- UC  WB  WT  UC- UC  
[    0.000000] e820: last_pfn = 0xdfff0 max_arch_pfn = 0x400000000
[    0.000000] found SMP MP-table at [mem 0x0009fff0-0x0009ffff] mapped at [ffff88000009fff0]
[    0.000000] Scanning 1 areas for low memory corruption
[    0.000000] RAMDISK: [mem 0x362dc000-0x37165fff]
[    0.000000] ACPI: Early table checksum verification disabled
[    0.000000] ACPI: RSDP 0x00000000000E0000 000024 (v02 VBOX  )
[    0.000000] ACPI: XSDT 0x00000000DFFF0030 00003C (v01 VBOX   VBOXXSDT 00000001 ASL  00000061)
[    0.000000] ACPI: FACP 0x00000000DFFF00F0 0000F4 (v04 VBOX   VBOXFACP 00000001 ASL  00000061)
[    0.000000] ACPI: DSDT 0x00000000DFFF0610 002353 (v02 VBOX   VBOXBIOS 00000002 INTL 20230628)
[    0.000000] ACPI: FACS 0x00000000DFFF0200 000040
[    0.000000] ACPI: FACS 0x00000000DFFF0200 000040
[    0.000000] ACPI: APIC 0x00000000DFFF0240 00005C (v02 VBOX   VBOXAPIC 00000001 ASL  00000061)
[    0.000000] ACPI: SSDT 0x00000000DFFF02A0 00036C (v01 VBOX   VBOXCPUT 00000002 INTL 20230628)
[    0.000000] No NUMA configuration found
[    0.000000] Faking a node at [mem 0x0000000000000000-0x000000011fffffff]
[    0.000000] NODE_DATA(0) allocated [mem 0x11fff7000-0x11fffbfff]
[    0.000000] kvm-clock: Using msrs 4b564d01 and 4b564d00
[    0.000000] kvm-clock: cpu 0, msr 1:1ffef001, primary cpu clock
[    0.000000] kvm-clock: using sched offset of 2864146956 cycles
[    0.000000] clocksource: kvm-clock: mask: 0xffffffffffffffff max_cycles: 0x1cd42e4dffb, max_idle_ns: 881590591483 ns
[    0.000000] Zone ranges:
[    0.000000]   DMA      [mem 0x0000000000001000-0x0000000000ffffff]
[    0.000000]   DMA32    [mem 0x0000000001000000-0x00000000ffffffff]
[    0.000000]   Normal   [mem 0x0000000100000000-0x000000011fffffff]
[    0.000000]   Device   empty
[    0.000000] Movable zone start for each node
[    0.000000] Early memory node ranges
[    0.000000]   node   0: [mem 0x0000000000001000-0x000000000009efff]
[    0.000000]   node   0: [mem 0x0000000000100000-0x00000000dffeffff]
[    0.000000]   node   0: [mem 0x0000000100000000-0x000000011fffffff]
[    0.000000] Initmem setup node 0 [mem 0x0000000000001000-0x000000011fffffff]
[    0.000000] ACPI: PM-Timer IO Port: 0x4008
[    0.000000] IOAPIC[0]: apic_id 2, version 32, address 0xfec00000, GSI 0-23
[    0.000000] ACPI: INT_SRC_OVR (bus 0 bus_irq 0 global_irq 2 dfl dfl)
[    0.000000] ACPI: INT_SRC_OVR (bus 0 bus_irq 9 global_irq 9 low level)
[    0.000000] Using ACPI (MADT) for SMP configuration information
[    0.000000] smpboot: Allowing 2 CPUs, 0 hotplug CPUs
[    0.000000] PM: Registered nosave memory: [mem 0x00000000-0x00000fff]
[    0.000000] PM: Registered nosave memory: [mem 0x0009f000-0x0009ffff]
[    0.000000] PM: Registered nosave memory: [mem 0x000a0000-0x000effff]
[    0.000000] PM: Registered nosave memory: [mem 0x000f0000-0x000fffff]
[    0.000000] PM: Registered nosave memory: [mem 0xdfff0000-0xdfffffff]
[    0.000000] PM: Registered nosave memory: [mem 0xe0000000-0xfebfffff]
[    0.000000] PM: Registered nosave memory: [mem 0xfec00000-0xfec00fff]
[    0.000000] PM: Registered nosave memory: [mem 0xfec01000-0xfedfffff]
[    0.000000] PM: Registered nosave memory: [mem 0xfee00000-0xfee00fff]
[    0.000000] PM: Registered nosave memory: [mem 0xfee01000-0xfffbffff]
[    0.000000] PM: Registered nosave memory: [mem 0xfffc0000-0xffffffff]
[    0.000000] e820: [mem 0xe0000000-0xfebfffff] available for PCI devices
[    0.000000] Booting paravirtualized kernel on KVM
[    0.000000] clocksource: refined-jiffies: mask: 0xffffffff max_cycles: 0xffffffff, max_idle_ns: 7645519600211568 ns
[    0.000000] setup_percpu: NR_CPUS:512 nr_cpumask_bits:512 nr_cpu_ids:2 nr_node_ids:1
[    0.000000] PERCPU: Embedded 33 pages/cpu @ffff88011fc00000 s95192 r8192 d31784 u1048576
[    0.000000] Built 1 zonelists in Node order, mobility grouping on.  Total pages: 1032056
[    0.000000] Policy zone: Normal
[    0.000000] Kernel command line: BOOT_IMAGE=/boot/vmlinuz-4.4.0-210-generic root=LABEL=cloudimg-rootfs ro console=tty1 console=ttyS0
[    0.000000] PID hash table entries: 4096 (order: 3, 32768 bytes)
[    0.000000] Memory: 4028304K/4193848K available (8644K kernel code, 1332K rwdata, 4044K rodata, 1492K init, 1164K bss, 165544K reserved, 0K cma-reserved)
[    0.000000] SLUB: HWalign=64, Order=0-3, MinObjects=0, CPUs=2, Nodes=1
[    0.000000] Kernel/User page tables isolation: enabled
[    0.000000] Hierarchical RCU implementation.
[    0.000000] 	Build-time adjustment of leaf fanout to 64.
[    0.000000] 	RCU restricting CPUs from NR_CPUS=512 to nr_cpu_ids=2.
[    0.000000] RCU: Adjusting geometry for rcu_fanout_leaf=64, nr_cpu_ids=2
[    0.000000] NR_IRQS:33024 nr_irqs:440 16
[    0.000000] Console: colour VGA+ 80x25
[    0.000000] console [tty1] enabled
[    0.000000] console [ttyS0] enabled
[    0.000000] tsc: Detected 2610.984 MHz processor
[    0.113669] Calibrating delay loop (skipped) preset value.. 5221.96 BogoMIPS (lpj=10443936)
[    0.114731] pid_max: default: 32768 minimum: 301
[    0.115303] ACPI: Core revision 20150930
[    0.116396] ACPI: 2 ACPI AML tables successfully acquired and loaded
[    0.117187] Security Framework initialized
[    0.117707] Yama: becoming mindful.
[    0.118198] AppArmor: AppArmor initialized
[    0.119114] Dentry cache hash table entries: 524288 (order: 10, 4194304 bytes)
[    0.120709] Inode-cache hash table entries: 262144 (order: 9, 2097152 bytes)
[    0.121616] Mount-cache hash table entries: 8192 (order: 4, 65536 bytes)
[    0.122350] Mountpoint-cache hash table entries: 8192 (order: 4, 65536 bytes)
[    0.123355] Initializing cgroup subsys io
[    0.123895] Initializing cgroup subsys memory
[    0.124443] Initializing cgroup subsys devices
[    0.124995] Initializing cgroup subsys freezer
[    0.125608] Initializing cgroup subsys net_cls
[    0.126174] Initializing cgroup subsys perf_event
[    0.126747] Initializing cgroup subsys net_prio
[    0.127320] Initializing cgroup subsys hugetlb
[    0.127896] Initializing cgroup subsys pids
[    0.131007] mce: CPU supports 0 MCE banks
[    0.131592] Last level iTLB entries: 4KB 0, 2MB 0, 4MB 0
[    0.132234] Last level dTLB entries: 4KB 0, 2MB 0, 4MB 0, 1GB 0
[    0.132932] Spectre V1 : Mitigation: usercopy/swapgs barriers and __user pointer sanitization
[    0.133998] Spectre V2 : Mitigation: Full generic retpoline
[    0.134698] Spectre V2 : Spectre v2 / SpectreRSB mitigation: Filling RSB on context switch
[    0.135730] Speculative Store Bypass: Vulnerable
[    0.136370] MDS: Mitigation: Clear CPU buffers
[    0.138834] Freeing SMP alternatives memory: 36K
[    0.143513] ftrace: allocating 32380 entries in 127 pages
[    0.182946] smpboot: APIC(0) Converting physical 0 to logical package 0
[    0.183773] smpboot: Max logical packages: 1
[    0.184518] x2apic enabled
[    0.185127] Switched APIC routing to physical x2apic.
[    0.186771] ..TIMER: vector=0x30 apic1=0 pin1=2 apic2=-1 pin2=-1
[    0.295535] smpboot: CPU0: 13th Gen Intel(R) Core(TM) i5-13450HX (family: 0x6, model: 0xb7, stepping: 0x1)
[    0.296814] Performance Events: unsupported p6 CPU model 183 no PMU driver, software events only.
[    0.303846] KVM setup paravirtual spinlock
[    0.304660] x86: Booting SMP configuration:
[    0.305221] .... node  #0, CPUs:      #1
[    0.305782] kvm-clock: cpu 1, msr 1:1ffef041, secondary cpu clock
[    0.308691] mce: CPU supports 0 MCE banks
[    0.311028] x86: Booted up 1 node, 2 CPUs
[    0.311821] smpboot: Total of 2 processors activated (10443.93 BogoMIPS)
[    0.313001] devtmpfs: initialized
[    0.314201] evm: security.selinux
[    0.314675] evm: security.SMACK64
[    0.315130] evm: security.SMACK64EXEC
[    0.315614] evm: security.SMACK64TRANSMUTE
[    0.316147] evm: security.SMACK64MMAP
[    0.316640] evm: security.ima
[    0.317069] evm: security.capability
[    0.317681] clocksource: jiffies: mask: 0xffffffff max_cycles: 0xffffffff, max_idle_ns: 7645041785100000 ns
[    0.318826] futex hash table entries: 512 (order: 3, 32768 bytes)
[    0.319605] pinctrl core: initialized pinctrl subsystem
[    0.320298] RTC time: 18:29:40, date: 02/26/25
[    0.321032] NET: Registered protocol family 16
[    0.331937] cpuidle: using governor ladder
[    0.344020] cpuidle: using governor menu
[    0.344910] PCCT header not found.
[    0.345720] ACPI: bus type PCI registered
[    0.346594] acpiphp: ACPI Hot Plug PCI Controller Driver version: 0.5
[    0.348012] PCI: Using configuration type 1 for base access
[    0.361634] ACPI: Added _OSI(Module Device)
[    0.363283] ACPI: Added _OSI(Processor Device)
[    0.364744] ACPI: Added _OSI(3.0 _SCP Extensions)
[    0.366141] ACPI: Added _OSI(Processor Aggregator Device)
[    0.368139] ACPI: Executed 1 blocks of module-level executable AML code
[    0.370773] ACPI: Interpreter enabled
[    0.371389] ACPI: (supports S0 S5)
[    0.371930] ACPI: Using IOAPIC for interrupt routing
[    0.372736] PCI: Using host bridge windows from ACPI; if necessary, use "pci=nocrs" and report a bug
[    0.375690] ACPI: PCI Root Bridge [PCI0] (domain 0000 [bus 00-ff])
[    0.376429] acpi PNP0A03:00: _OSC: OS supports [ASPM ClockPM Segments MSI]
[    0.377357] acpi PNP0A03:00: _OSC: not requesting OS control; OS requires [ExtendedConfig ASPM ClockPM MSI]
[    0.378573] acpi PNP0A03:00: fail to add MMCONFIG information, can't access extended PCI configuration space under this bridge.
[    0.380056] PCI host bridge to bus 0000:00
[    0.388135] pci_bus 0000:00: root bus resource [io  0x0000-0x0cf7 window]
[    0.388948] pci_bus 0000:00: root bus resource [io  0x0d00-0xffff window]
[    0.389712] pci_bus 0000:00: root bus resource [mem 0x000a0000-0x000bffff window]
[    0.390708] pci_bus 0000:00: root bus resource [mem 0xe0000000-0xfdffffff window]
[    0.391675] pci_bus 0000:00: root bus resource [bus 00-ff]
[    0.393206] pci 0000:00:01.1: legacy IDE quirk: reg 0x10: [io  0x01f0-0x01f7]
[    0.394002] pci 0000:00:01.1: legacy IDE quirk: reg 0x14: [io  0x03f6]
[    0.394750] pci 0000:00:01.1: legacy IDE quirk: reg 0x18: [io  0x0170-0x0177]
[    0.395585] pci 0000:00:01.1: legacy IDE quirk: reg 0x1c: [io  0x0376]
[    0.413529] pci 0000:00:07.0: quirk: [io  0x4000-0x403f] claimed by PIIX4 ACPI
[    0.414512] pci 0000:00:07.0: quirk: [io  0x4100-0x410f] claimed by PIIX4 SMB
[    0.426167] ACPI: PCI Interrupt Link [LNKA] (IRQs 5 9 10 *11)
[    0.427207] ACPI: PCI Interrupt Link [LNKB] (IRQs 5 9 *10 11)
[    0.428140] ACPI: PCI Interrupt Link [LNKC] (IRQs 5 *9 10 11)
[    0.429082] ACPI: PCI Interrupt Link [LNKD] (IRQs 5 9 10 *11)
[    0.430048] ACPI: Enabled 2 GPEs in block 00 to 07
[    0.430820] vgaarb: setting as boot device: PCI:0000:00:02.0
[    0.431485] vgaarb: device added: PCI:0000:00:02.0,decodes=io+mem,owns=io+mem,locks=none
[    0.432511] vgaarb: loaded
[    0.432918] vgaarb: bridge control possible 0000:00:02.0
[    0.433727] SCSI subsystem initialized
[    0.434385] ACPI: bus type USB registered
[    0.434909] usbcore: registered new interface driver usbfs
[    0.435547] usbcore: registered new interface driver hub
[    0.436160] usbcore: registered new device driver usb
[    0.437012] PCI: Using ACPI for IRQ routing
[    0.437705] NetLabel: Initializing
[    0.438169] NetLabel:  domain hash size = 128
[    0.438707] NetLabel:  protocols = UNLABELED CIPSOv4
[    0.439299] NetLabel:  unlabeled traffic allowed by default
[    0.440071] amd_nb: Cannot enumerate AMD northbridges
[    0.440882] clocksource: Switched to clocksource kvm-clock
[    0.444662] AppArmor: AppArmor Filesystem Enabled
[    0.445277] pnp: PnP ACPI init
[    0.446104] pnp: PnP ACPI: found 3 devices
[    0.452732] clocksource: acpi_pm: mask: 0xffffff max_cycles: 0xffffff, max_idle_ns: 2085701024 ns
[    0.453891] NET: Registered protocol family 2
[    0.454529] TCP established hash table entries: 32768 (order: 6, 262144 bytes)
[    0.455507] TCP bind hash table entries: 32768 (order: 7, 524288 bytes)
[    0.456421] TCP: Hash tables configured (established 32768 bind 32768)
[    0.457163] UDP hash table entries: 2048 (order: 4, 65536 bytes)
[    0.457856] UDP-Lite hash table entries: 2048 (order: 4, 65536 bytes)
[    0.458592] NET: Registered protocol family 1
[    0.459136] pci 0000:00:00.0: Limiting direct PCI/PCI transfers
[    0.459822] pci 0000:00:01.0: Activating ISA DMA hang workarounds
[    0.460590] Unpacking initramfs...
[    0.598863] Freeing initrd memory: 14888K
[    0.599529] PCI-DMA: Using software bounce buffering for IO (SWIOTLB)
[    0.600245] software IO TLB: mapped [mem 0xdbff0000-0xdfff0000] (64MB)
[    0.601020] clocksource: tsc: mask: 0xffffffffffffffff max_cycles: 0x25a2c41507a, max_idle_ns: 440795243790 ns
[    0.602205] platform rtc_cmos: registered platform RTC device (no PNP device found)
[    0.603205] Scanning for low memory corruption every 60 seconds
[    0.604193] audit: initializing netlink subsys (disabled)
[    0.604849] audit: type=2000 audit(1740594584.756:1): initialized
[    0.605701] Initialise system trusted keyring
[    0.606341] HugeTLB registered 2 MB page size, pre-allocated 0 pages
[    0.607638] zbud: loaded
[    0.608285] VFS: Disk quotas dquot_6.6.0
[    0.608827] VFS: Dquot-cache hash table entries: 512 (order 0, 4096 bytes)
[    0.609795] squashfs: version 4.0 (2009/01/31) Phillip Lougher
[    0.610596] fuse init (API version 7.23)
[    0.611197] Key type big_key registered
[    0.611712] Allocating IMA MOK and blacklist keyrings.
[    0.612720] Key type asymmetric registered
[    0.613248] Asymmetric key parser 'x509' registered
[    0.613861] Block layer SCSI generic (bsg) driver version 0.4 loaded (major 249)
[    0.614865] io scheduler noop registered
[    0.615379] io scheduler deadline registered (default)
[    0.615994] io scheduler cfq registered
[    0.616554] pci_hotplug: PCI Hot Plug PCI Core version: 0.5
[    0.617204] pciehp: PCI Express Hot Plug Controller Driver version: 0.4
[    0.617991] ACPI: AC Adapter [AC] (on-line)
[    0.618545] input: Power Button as /devices/LNXSYSTM:00/LNXPWRBN:00/input/input0
[    0.619473] ACPI: Power Button [PWRF]
[    0.619977] input: Sleep Button as /devices/LNXSYSTM:00/LNXSLPBN:00/input/input1
[    0.620953] ACPI: Sleep Button [SLPF]
[    0.621534] GHES: HEST is not enabled!
[    0.621855] ACPI: Battery Slot [BAT0] (battery present)
[    0.622696] Serial: 8250/16550 driver, 32 ports, IRQ sharing enabled
[    0.643735] 00:02: ttyS0 at I/O 0x3f8 (irq = 4, base_baud = 115200) is a 16550A
[    0.645714] Linux agpgart interface v0.103
[    0.647094] loop: module loaded
[    0.647853] scsi host0: ata_piix
[    0.648410] scsi host1: ata_piix
[    0.648912] ata1: PATA max UDMA/33 cmd 0x1f0 ctl 0x3f6 bmdma 0xd000 irq 14
[    0.649659] ata2: PATA max UDMA/33 cmd 0x170 ctl 0x376 bmdma 0xd008 irq 15
[    0.650584] libphy: Fixed MDIO Bus: probed
[    0.651101] tun: Universal TUN/TAP device driver, 1.6
[    0.651707] tun: (C) 1999-2004 Max Krasnyansky <maxk@qualcomm.com>
[    0.652532] PPP generic driver version 2.4.2
[    0.653109] ehci_hcd: USB 2.0 'Enhanced' Host Controller (EHCI) Driver
[    0.653842] ehci-pci: EHCI PCI platform driver
[    0.654403] ehci-platform: EHCI generic platform driver
[    0.655017] ohci_hcd: USB 1.1 'Open' Host Controller (OHCI) Driver
[    0.655732] ohci-pci: OHCI PCI platform driver
[    0.656283] ohci-platform: OHCI generic platform driver
[    0.656902] uhci_hcd: USB Universal Host Controller Interface driver
[    0.657659] i8042: PNP: PS/2 Controller [PNP0303:PS2K,PNP0f03:PS2M] at 0x60,0x64 irq 1,12
[    0.659005] serio: i8042 KBD port at 0x60,0x64 irq 1
[    0.659611] serio: i8042 AUX port at 0x60,0x64 irq 12
[    0.660345] mousedev: PS/2 mouse device common for all mice
[    0.661160] input: AT Translated Set 2 keyboard as /devices/platform/i8042/serio0/input/input2
[    0.662445] rtc_cmos rtc_cmos: rtc core: registered rtc_cmos as rtc0
[    0.663185] rtc_cmos rtc_cmos: alarms up to one day, 114 bytes nvram
[    0.663906] i2c /dev entries driver
[    0.664402] device-mapper: uevent: version 1.0.3
[    0.665049] device-mapper: ioctl: 4.34.0-ioctl (2015-10-28) initialised: dm-devel@redhat.com
[    0.666088] ledtrig-cpu: registered to indicate activity on CPUs
[    0.666995] NET: Registered protocol family 10
[    0.667711] NET: Registered protocol family 17
[    0.668273] Key type dns_resolver registered
[    0.669033] registered taskstats version 1
[    0.669575] Loading compiled-in X.509 certificates
[    0.670432] Loaded X.509 cert 'Build time autogenerated kernel key: cf00e047681d67edb2720680708b7d9498083038'
[    0.671603] zswap: loaded using pool lzo/zbud
[    0.673224] Key type trusted registered
[    0.675221] Key type encrypted registered
[    0.675737] AppArmor: AppArmor sha1 policy hashing enabled
[    0.676379] ima: No TPM chip found, activating TPM-bypass!
[    0.677024] ima: Allocated hash algorithm: sha1
[    0.677593] evm: HMAC attrs: 0x1
[    0.678197]   Magic number: 13:764:494
[    0.678754] rtc_cmos rtc_cmos: setting system clock to 2025-02-26 18:29:40 UTC (1740594580)
[    0.679856] BIOS EDD facility v0.16 2004-Jun-25, 0 devices found
[    0.680542] EDD information not available.
[    1.035643] Freeing unused kernel memory: 1492K
[    1.036411] Write protecting the kernel read-only data: 14336k
[    1.037369] Freeing unused kernel memory: 1584K
[    1.038208] Freeing unused kernel memory: 52K
Loading, please wait...
starting version 229
[    1.045101] random: systemd-udevd: uninitialized urandom read (16 bytes read, 1 bits of entropy available)
[    1.045359] random: udevadm: uninitialized urandom read (16 bytes read, 1 bits of entropy available)
[    1.045369] random: udevadm: uninitialized urandom read (16 bytes read, 1 bits of entropy available)
[    1.048448] random: systemd-udevd: uninitialized urandom read (16 bytes read, 1 bits of entropy available)
[    1.049207] random: udevadm: uninitialized urandom read (16 bytes read, 1 bits of entropy available)
[    1.049232] random: udevadm: uninitialized urandom read (16 bytes read, 1 bits of entropy available)
[    1.049302] random: udevadm: uninitialized urandom read (16 bytes read, 1 bits of entropy available)
[    1.049327] random: udevadm: uninitialized urandom read (16 bytes read, 1 bits of entropy available)
[    1.049352] random: udevadm: uninitialized urandom read (16 bytes read, 1 bits of entropy available)
[    1.049375] random: udevadm: uninitialized urandom read (16 bytes read, 1 bits of entropy available)
[    1.068113] e1000: Intel(R) PRO/1000 Network Driver - version 7.3.21-k8-NAPI
[    1.068908] e1000: Copyright (c) 1999-2006 Intel Corporation.
[    1.069648] Fusion MPT base driver 3.04.20
[    1.070342] Copyright (c) 1999-2008 LSI Corporation
[    1.074322] Fusion MPT SPI Host driver 3.04.20
[    1.081405] AVX2 version of gcm_enc/dec engaged.
[    1.082152] AES CTR mode by8 optimization enabled
[    1.273982] input: ImExPS/2 Generic Explorer Mouse as /devices/platform/i8042/serio1/input/input4
[    1.388910] e1000 0000:00:03.0 eth0: (PCI:33MHz:32-bit) 02:be:82:6b:cc:1d
[    1.389881] e1000 0000:00:03.0 eth0: Intel(R) PRO/1000 Network Connection
[    1.391212] mptbase: ioc0: Initiating bringup
[    1.461830] ioc0: LSI53C1030 A0: Capabilities={Initiator}
[    1.627414] scsi host2: ioc0: LSI53C1030 A0, FwRev=00000000h, Ports=1, MaxQ=256, IRQ=20
[    1.757966] scsi 2:0:0:0: Direct-Access     VBOX     HARDDISK         1.0  PQ: 0 ANSI: 5
[    1.763251] scsi target2:0:0: Beginning Domain Validation
[    1.768052] scsi target2:0:0: Domain Validation skipping write tests
[    1.770744] scsi target2:0:0: Ending Domain Validation
[    1.772713] scsi target2:0:0: asynchronous
[    1.774733] scsi 2:0:1:0: Direct-Access     VBOX     HARDDISK         1.0  PQ: 0 ANSI: 5
[    1.777262] scsi target2:0:1: Beginning Domain Validation
[    1.778905] scsi target2:0:1: Domain Validation skipping write tests
[    1.779940] scsi target2:0:1: Ending Domain Validation
[    1.780756] scsi target2:0:1: asynchronous
[    1.783311] sd 2:0:0:0: [sda] 83886080 512-byte logical blocks: (42.9 GB/40.0 GiB)
[    1.783418] sd 2:0:0:0: Attached scsi generic sg0 type 0
[    1.783492] sd 2:0:1:0: Attached scsi generic sg1 type 0
[    1.783852] sd 2:0:1:0: [sdb] 20480 512-byte logical blocks: (10.5 MB/10.0 MiB)
[    1.784037] sd 2:0:1:0: [sdb] Write Protect is off
[    1.784083] sd 2:0:1:0: [sdb] Incomplete mode parameter data
[    1.784083] sd 2:0:1:0: [sdb] Assuming drive cache: write through
[    1.786654] sd 2:0:1:0: [sdb] Attached SCSI disk
[    1.790636] sd 2:0:0:0: [sda] Write Protect is off
[    1.791478] sd 2:0:0:0: [sda] Incomplete mode parameter data
[    1.792235] sd 2:0:0:0: [sda] Assuming drive cache: write through
[    1.797594]  sda: sda1
[    1.801323] sd 2:0:0:0: [sda] Attached SCSI disk
[    2.084370] e1000 0000:00:08.0 eth1: (PCI:33MHz:32-bit) 08:00:27:5f:14:ca
[    2.085386] e1000 0000:00:08.0 eth1: Intel(R) PRO/1000 Network Connection
[    2.086753] e1000 0000:00:03.0 enp0s3: renamed from eth0
[    2.097050] e1000 0000:00:08.0 enp0s8: renamed from eth1
Begin: Loading essential drivers ... [    3.347798] md: linear personality registered for level -1
[    3.349877] md: multipath personality registered for level -4
[    3.352043] md: raid0 personality registered for level 0
[    3.354792] md: raid1 personality registered for level 1
[    3.424920] raid6: sse2x1   gen() 22912 MB/s
[    3.492910] raid6: sse2x1   xor() 15598 MB/s
[    3.560908] raid6: sse2x2   gen() 29192 MB/s
[    3.628910] raid6: sse2x2   xor() 17683 MB/s
[    3.696908] raid6: sse2x4   gen() 31123 MB/s
[    3.764919] raid6: sse2x4   xor() 14492 MB/s
[    3.832925] raid6: avx2x1   gen() 36227 MB/s
[    3.900914] raid6: avx2x2   gen() 38122 MB/s
[    3.968907] raid6: avx2x4   gen() 38373 MB/s
[    3.969650] raid6: using algorithm avx2x4 gen() 38373 MB/s
[    3.970511] raid6: using avx2x2 recovery algorithm
[    3.971947] xor: automatically using best checksumming function:
[    4.048892]    avx       : 112405.000 MB/sec
[    4.050441] async_tx: api initialized (async)
[    4.055754] md: raid6 personality registered for level 6
[    4.056541] md: raid5 personality registered for level 5
[    4.057252] md: raid4 personality registered for level 4
[    4.061434] md: raid10 personality registered for level 10
done.
Begin: Running /scripts/init-premount ... done.
Begin: Mounting root file system ... Begin: Running /scripts/local-top ... done.
Begin: Running /scripts/local-premount ... [    4.077095] Btrfs loaded
Scanning for Btrfs filesystems
done.
Warning: fsck not present, so skipping root file system
[    4.092326] EXT4-fs (sda1): INFO: recovery required on readonly filesystem
[    4.093212] EXT4-fs (sda1): write access will be enabled during recovery
[    4.099762] EXT4-fs (sda1): recovery complete
[    4.100444] EXT4-fs (sda1): mounted filesystem with ordered data mode. Opts: (null)
done.
Begin: Running /scripts/local-bottom ... done.
Begin: Running /scripts/init-bottom ... done.
[    4.150758] systemd[1]: systemd 229 running in system mode. (+PAM +AUDIT +SELINUX +IMA +APPARMOR +SMACK +SYSVINIT +UTMP +LIBCRYPTSETUP +GCRYPT +GNUTLS +ACL +XZ -LZ4 +SECCOMP +BLKID +ELFUTILS +KMOD -IDN)
[    4.154110] systemd[1]: Detected virtualization oracle.
[    4.155191] systemd[1]: Detected architecture x86-64.

Welcome to [1mUbuntu 16.04.7 LTS[0m!

[    4.159048] systemd[1]: Set hostname to <ubuntu-xenial>.
[    4.239454] systemd[1]: Reached target User and Group Name Lookups.
[[0;32m  OK  [0m] Reached target User and Group Name Lookups.
[    4.241380] systemd[1]: Listening on /dev/initctl Compatibility Named Pipe.
[[0;32m  OK  [0m] Listening on /dev/initctl Compatibility Named Pipe.
[    4.242878] systemd[1]: Listening on LVM2 poll daemon socket.
[[0;32m  OK  [0m] Listening on LVM2 poll daemon socket.
[    4.244020] systemd[1]: Reached target Swap.
[[0;32m  OK  [0m] Reached target Swap.
[    4.244967] systemd[1]: Reached target Encrypted Volumes.
[[0;32m  OK  [0m] Reached target Encrypted Volumes.
[    4.246076] systemd[1]: Listening on udev Kernel Socket.
[[0;32m  OK  [0m] Listening on udev Kernel Socket.
[    4.247121] systemd[1]: Listening on Journal Audit Socket.
[[0;32m  OK  [0m] Listening on Journal Audit Socket.
[    4.248241] systemd[1]: Listening on Journal Socket.
[[0;32m  OK  [0m] Listening on Journal Socket.
[    4.261142] systemd[1]: Set up automount Arbitrary Executable File Formats File System Automount Point.
[[0;32m  OK  [0m] Set up automount Arbitrary Executab...ats File System Automount Point.
[    4.264043] systemd[1]: Created slice System Slice.
[[0;32m  OK  [0m] Created slice System Slice.
[    4.277201] systemd[1]: Starting Set console keymap...
         Starting Set console keymap...
[    4.279589] systemd[1]: Starting Uncomplicated firewall...
         Starting Uncomplicated firewall...
[    4.282254] systemd[1]: Starting Create list of required static device nodes for the current kernel...
         Starting Create list of required st... nodes for the current kernel...
[    4.285750] systemd[1]: Starting Nameserver information manager...
         Starting Nameserver information manager...
[    4.288217] systemd[1]: Mounting Huge Pages File System...
         Mounting Huge Pages File System...
[    4.312979] systemd[1]: Starting Load Kernel Modules...
         Starting Load Kernel Modules...
[    4.314812] systemd[1]: Mounting Debug File System...
         Mounting Debug File System...
[    4.316284] systemd[1]: Started Forward Password Requests to Wall Directory Watch.
[[0;32m  OK  [0m] Started Forward Password Requests to Wall Directory Watch.
[    4.318412] systemd[1]: Started Trigger resolvconf update for networkd DNS.
[[0;32m  OK  [0m] Started Trigger resolvconf update for networkd DNS.
[    4.319765] systemd[1]: Listening on fsck to fsckd communication Socket.
[[0;32m  OK  [0m] Listening on fsck to fsckd communication Socket.
[    4.321310] systemd[1]: Starting File System Check on Root Device...
[    4.322289] Loading iSCSI transport class v2.0-870.
         Starting File System Check on Root Device...
[    4.323664] systemd[1]: Mounting POSIX Message Queue File System...
         Mounting POSIX Message Queue File System...
[    4.324933] systemd[1]: Created slice User and Session Slice.
[[0;32m  OK  [0m] Created slice User and Session Slice.

    4.326056] systemd[1]: Reached target Slices.
[[0;32m  OK  [0m] Reached target Slices.
[    4.326950] systemd[1]: Listening on Syslog Socket.
[[0;32m  OK  [0m] Listening on Syslog Socket.
[    4.327871] systemd[1]: Listening on LVM2 metadata daemon socket.
[[0;32m  OK  [0m] Listening on LVM2 metadata daemon socket.
[    4.328936] systemd[1]: Reached target System Time Synchronized.
[[0;32m  OK  [0m] Reached target System Time Synchronized.
[    4.330083] systemd[1]: Listening on Device-mapper event daemon FIFOs.
[    4.330882] iscsi: registered transport (tcp)
[[0;32m  OK  [0m] Listening on Device-mapper event daemon FIFOs.
[    4.331948] systemd[1]: Starting Monitoring of LVM2 mirrors, snapshots etc. using dmeventd or progress polling...
         Starting Monitoring of LVM2 mirrors... dmeventd or progress polling...
[    4.333827] systemd[1]: Listening on Journal Socket (/dev/log).
[[0;32m  OK  [0m] Listening on Journal Socket (/dev/log).
[    4.335257] systemd[1]: Starting Journal Service...
         Starting Journal Service...
[    4.336424] systemd[1]: Created slice system-serial\x2dgetty.slice.
[[0;32m  OK  [0m] Created slice system-serial\x2dgetty.slice.
[    4.337670] systemd[1]: Listening on udev Control Socket.
[[0;32m  OK  [0m] Listening on udev Control Socket.
[    4.339509] systemd[1]: Mounted Huge Pages File System.
[[0;32m  OK  [0m] Mounted Huge Pages File System.
[    4.340610] systemd[1]: Mounted POSIX Message Queue File System.
[[0;32m  OK  [0m] Mounted POSIX Message Queue File System.
[    4.341901] systemd[1]: Mounted Debug File System.
[[0;32m  OK  [0m] Mounted Debug File System.
[    4.343272] systemd[1]: Started Set console keymap.
[[0;32m  OK  [0m] Started Set console keymap.
[    4.346120] systemd[1]: Started Uncomplicated firewall.
[[0;32m  OK  [0m] Started Uncomplicated firewall.
[    4.347503] systemd[1]: Started Create list of required static device nodes for the current kernel.
[[0;32m  OK  [0m] Started Create list of required sta...ce nodes for the current kernel.
[    4.349652] systemd[1]: Started File System Check on Root Device.
[[0;32m  OK  [0m] Started File System Check on Root Device.
[    4.351401] systemd[1]: Started Journal Service.
[[0;32m  OK  [0m] Started Journal Service.
[[0;32m  OK  [0m] Started LVM2 metadata daemon.
[[0;32m  OK  [0m] Started File System Check Daemon to report status.
         Starting Remount Root and Kernel File Systems...
         Starting Create Static Device Nodes in /dev...
[[0;32m  OK  [0m] Started Nameserver information manager.
[    4.360126] EXT4-fs (sda1): re-mounted. Opts: (null)
[[0;32m  OK  [0m] Started Remount Root and Kernel File Systems.
         Starting Flush Journal to Persistent Storage...
         Starting udev Coldplug all Devices...
         Starting Load/Save Random Seed...
[    4.365559] systemd-journald[398]: Received request to flush runtime journal from PID 1
[[0;32m  OK  [0m] Started Load/Save Random Seed.
[[0;32m  OK  [0m] Started Flush Journal to Persistent Storage.
[[0;32m  OK  [0m] Started Create Static Device Nodes in /dev.
         Starting udev Kernel Device Manager...
[    4.378234] iscsi: registered transport (iser)
[[0;32m  OK  [0m] Started Load Kernel Modules.
         Mounting FUSE Control File System...
         Starting Apply Kernel Variables...
[[0;32m  OK  [0m] Mounted FUSE Control File System.
[[0;32m  OK  [0m] Started Apply Kernel Variables.
[[0;32m  OK  [0m] Started udev Kernel Device Manager.
[[0;32m  OK  [0m] Started udev Coldplug all Devices.
[[0;32m  OK  [0m] Started Dispatch Password Requests to Console Directory Watch.
[[0;32m  OK  [0m] Found device /dev/ttyS0.
[[0;32m  OK  [0m] Listening on Load/Save RF Kill Switch Status /dev/rfkill Watch.
[[0;32m  OK  [0m] Found device 82540EM Gigabit Ethern...r (PRO/1000 MT Desktop Adapter).
[[0;32m  OK  [0m] Found device 82540EM Gigabit Ethern...r (PRO/1000 MT Desktop Adapter).
[[0;32m  OK  [0m] Started Monitoring of LVM2 mirrors,...ng dmeventd or progress polling.
[[0;32m  OK  [0m] Reached target Local File Systems (Pre).
[[0;32m  OK  [0m] Reached target Local File Systems.
         Starting LSB: AppArmor initialization...
         Starting Initial cloud-init job (pre-networking)...
         Starting Create Volatile Files and Directories...
         Starting Tell Plymouth To Write Out Runtime Data...
         Starting Set console font and keymap...
[[0;32m  OK  [0m] Started Create Volatile Files and Directories.
         Starting Update UTMP about System Boot/Shutdown...
[[0;32m  OK  [0m] Started Tell Plymouth To Write Out Runtime Data.
[[0;32m  OK  [0m] Started Update UTMP about System Boot/Shutdown.
[[0;32m  OK  [0m] Started LSB: AppArmor initialization.
         Starting Load AppArmor profiles managed internally by snapd...
[[0;32m  OK  [0m] Started Load AppArmor profiles managed internally by snapd.
[[0;32m  OK  [0m] Started Set console font and keymap.
[[0;32m  OK  [0m] Created slice system-getty.slice.
[    5.116819] cloud-init[646]: Cloud-init v. 21.1-19-gbad84ad4-0ubuntu1~16.04.2 running 'init-local' at Wed, 26 Feb 2025 18:29:44 +0000. Up 4.98 seconds.
[[0;32m  OK  [0m] Started Initial cloud-init job (pre-networking).
[[0;32m  OK  [0m] Reached target Network (Pre).
[[0;32m  OK  [0m] Started ifup for enp0s3.
         Starting Raise network interfaces...
[[0;32m  OK  [0m] Started ifup for enp0s8.
[[0;32m  OK  [0m] Started Raise network interfaces.
         Starting Initial cloud-init job (metadata service crawler)...
[[0;32m  OK  [0m] Reached target Network.
[    5.462328] cloud-init[1077]: Cloud-init v. 21.1-19-gbad84ad4-0ubuntu1~16.04.2 running 'init' at Wed, 26 Feb 2025 18:29:45 +0000. Up 5.36 seconds.
[    5.463110] cloud-init[1077]: ci-info: ++++++++++++++++++++++++++++++++++++++Net device info+++++++++++++++++++++++++++++++++++++++
[    5.463792] cloud-init[1077]: ci-info: +--------+------+-----------------------------+---------------+--------+-------------------+
[    5.464496] cloud-init[1077]: ci-info: | Device |  Up  |           Address           |      Mask     | Scope  |     Hw-Address    |
[    5.465168] cloud-init[1077]: ci-info: +--------+------+-----------------------------+---------------+--------+-------------------+
[    5.465828] cloud-init[1077]: ci-info: | enp0s3 | True |          10.0.2.15          | 255.255.255.0 | global | 02:be:82:6b:cc:1d |
[    5.466495] cloud-init[1077]: ci-info: | enp0s3 | True |  fe80::be:82ff:fe6b:cc1d/64 |       .       |  link  | 02:be:82:6b:cc:1d |
[    5.467167] cloud-init[1077]: ci-info: | enp0s8 | True |         192.168.56.2        | 255.255.255.0 | global | 08:00:27:5f:14:ca |
[    5.467842] cloud-init[1077]: ci-info: | enp0s8 | True | fe80::a00:27ff:fe5f:14ca/64 |       .       |  link  | 08:00:27:5f:14:ca |
[    5.468544] cloud-init[1077]: ci-info: |   lo   | True |          127.0.0.1          |   255.0.0.0   |  host  |         .         |
[    5.469220] cloud-init[1077]: ci-info: |   lo   | True |           ::1/128           |       .       |  host  |         .         |
[    5.469892] cloud-init[1077]: ci-info: +--------+------+-----------------------------+---------------+--------+-------------------+
[    5.470573] cloud-init[1077]: ci-info: ++++++++++++++++++++++++++++Route IPv4 info++++++++++++++++++++++++++++
[    5.471182] cloud-init[1077]: ci-info: +-------+--------------+----------+---------------+-----------+-------+
[    5.471777] cloud-init[1077]: ci-info: | Route | Destination  | Gateway  |    Genmask    | Interface | Flags |
[    5.472388] cloud-init[1077]: ci-info: +-------+--------------+----------+---------------+-----------+-------+
[    5.472994] cloud-init[1077]: ci-info: |   0   |   0.0.0.0    | 10.0.2.2 |    0.0.0.0    |   enp0s3  |   UG  |
[    5.473562] cloud-init[1077]: ci-info: |   1   |   10.0.2.0   | 0.0.0.0  | 255.255.255.0 |   enp0s3  |   U   |
[    5.474143] cloud-init[1077]: ci-info: |   2   | 192.168.56.0 | 0.0.0.0  | 255.255.255.0 |   enp0s8  |   U   |
[    5.474727] cloud-init[1077]: ci-info: +-------+--------------+----------+---------------+-----------+-------+
[    5.475320] cloud-init[1077]: ci-info: +++++++++++++++++++Route IPv6 info+++++++++++++++++++
[    5.475842] cloud-init[1077]: ci-info: +-------+-------------+---------+-----------+-------+
[    5.489537] [cloud-init[0;32m  OK  [0m[1077]: ] ci-info: | Route | Destination | Gateway | Interface | Flags |Started Initial cloud-init job (metadata service crawler).

[    5.490236] [[0;32m  OK  [0m] Reached target System Initialization.
         Starting Socket activation for snappy daemon.
         Starting LXD - unix socket.
cloud-init[1077]: ci-info: +-------+-------------+---------+-----------+-------+
[    5.491374] cloud-init[1077]: ci-info: |   0   |  fe80::/64  |    ::   |   enp0s8  |   U   |[[0;32m  OK  [0m] Started ACPI Events Check.
[[0;32m  OK  [0m] Reached target Paths.

[    5.492236] cloud-init[1077]: ci-info: |   1   |  fe80::/64  |    ::   |   enp0s3  |   U   |
[    5.492795] [[0;32m  OK  [0m] Started Daily apt download activities.
[[0;32m  OK  [0m] Started Daily apt upgrade and clean activities.
[[0;32m  OK  [0m] Started Daily Cleanup of Temporary Directories.
[[0;32m  OK  [0m] Listening on ACPID Listen Socket.
[[0;32m  OK  [0m] Listening on UUID daemon activation socket.
[[0;32m  OK  [0m] Started Message of the Day.
[[0;32m  OK  [0m] Started Ubuntu Advantage update messaging.
[[0;32m  OK  [0m] Reached target Timers.
[[0;32m  OK  [0m] Listening on D-Bus System Message Bus Socket.
[[0;32m  OK  [0m] Reached target Network is Online.
cloud-init[1077]: ci-info: |   4   |   ff00::/8  |    ::   |   enp0s8  |   U   |
[    5.495326] cloud-init[1077]: ci-info: |   5   |   ff00::/8  |    ::   |   enp0s3  |   U   |
[    5.495876] cloud-init[1077]: ci-info: +-------+-------------+---------+-----------+-------+
         Starting iSCSI initiator daemon (iscsid)...
[[0;32m  OK  [0m] Reached target Cloud-config availability.
[[0;32m  OK  [0m] Listening on Socket activation for snappy daemon.
[[0;32m  OK  [0m] Listening on LXD - unix socket.
[[0;32m  OK  [0m] Reached target Sockets.
[[0;32m  OK  [0m] Reached target Basic System.
[[0;32m  OK  [0m] Started Regular background program processing daemon.
         Starting System Logging Service...
         Starting LSB: Record successful boot for GRUB...
[[0;32m  OK  [0m] Started ACPI event daemon.
         Starting Accounts Service...
         Starting LXD - container startup/shutdown...
         Starting OpenBSD Secure Shell server...
[[0;32m  OK  [0m] Started FUSE filesystem for LXC.
         Starting Virtualbox guest utils...
         Starting LSB: MD monitoring daemon...
         Starting Login Service...
         Starting /etc/rc.local Compatibility...
[[0;32m  OK  [0m] Started Deferred execution scheduler.
         Starting Snap Daemon...
[[0;32m  OK  [0m] Started D-Bus System Message Bus.
[[0;32m  OK  [0m] Started System Logging Service.
[[0;32m  OK  [0m] Started /etc/rc.local Compatibility.
[[0;32m  OK  [0m] Started OpenBSD Secure Shell server.
[[0;32m  OK  [0m] Started iSCSI initiator daemon (iscsid).
[[0;32m  OK  [0m] Started Login Service.
[[0;32m  OK  [0m] Started LSB: Record successful boot for GRUB.
[[0;32m  OK  [0m] Started LXD - container startup/shutdown.
[[0;32m  OK  [0m] Started Unattended Upgrades Shutdown.
         Starting Authenticate and Authorize Users to Run Privileged Tasks...
         Starting Login to default iSCSI targets...
[[0;32m  OK  [0m] Started LSB: MD monitoring daemon.
[[0;32m  OK  [0m] Started Login to default iSCSI targets.
[[0;32m  OK  [0m] Reached target Remote File Systems (Pre).
         Mounting /vagrant...
[[0;1;31mFAILED[0m] Failed to mount /vagrant.
See 'systemctl status vagrant.mount' for details.
[[0;1;33mDEPEND[0m] Dependency failed for Remote File Systems.
         Starting LSB: Set the CPU Frequency Scaling governor to "ondemand"...
         Starting Permit User Sessions...
         Starting LSB: automatic crash report generation...
         Starting LSB: daemon to balance interrupts for SMP systems...
[[0;32m  OK  [0m] Started Permit User Sessions.
         Starting Terminate Plymouth Boot Screen...
         Starting Hold until boot process finishes up...
[[0;32m  OK  [0m] Started Hold until boot process finishes up.
[[0;32m  OK  [0m] Started Authenticate and Authorize Users to Run Privileged Tasks.
[[0;32m  OK  [0m] Started Getty on tty1.
[[0;32m  OK  [0m] Started Serial Getty on ttyS0.
[[0;32m  OK  [0m] Reached target Login Prompts.
         Starting Set console scheme...
[[0;32m  OK  [0m] Started Terminate Plymouth Boot Screen.
[[0;32m  OK  [0m] Started Accounts Service.
[[0;32m  OK  [0m] Started Set console scheme.
[[0;32m  OK  [0m] Started LSB: Set the CPU Frequency Scaling governor to "ondemand".
[[0;32m  OK  [0m] Started Virtualbox guest utils.
[[0;32m  OK  [0m] Started LSB: automatic crash report generation.
[[0;32m  OK  [0m] Started LSB: daemon to balance interrupts for SMP systems.
[[0;32m  OK  [0m] Started Snap Daemon.
         Starting Wait until snapd is fully seeded...
[[0;32m  OK  [0m] Started Wait until snapd is fully seeded.
         Starting Apply the settings specified in cloud-config...
[[0;32m  OK  [0m] Reached target Multi-User System.
[[0;32m  OK  [0m] Reached target Graphical Interface.
         Starting Update UTMP about System Runlevel Changes...
[[0;32m  OK  [0m] Started Update UTMP about System Runlevel Changes.
[    5.884740] cloud-init[1338]: Cloud-init v. 21.1-19-gbad84ad4-0ubuntu1~16.04.2 running 'modules:config' at Wed, 26 Feb 2025 18:29:45 +0000. Up 5.84 seconds.
[[0;32m  OK  [0m] Started Apply the settings specified in cloud-config.
         Starting Execute cloud user/final scripts...
[    6.071354] cloud-init[1350]: Cloud-init v. 21.1-19-gbad84ad4-0ubuntu1~16.04.2 running 'modules:final' at Wed, 26 Feb 2025 18:29:45 +0000. Up 6.02 seconds.
[    6.072247] cloud-init[1350]: Cloud-init v. 21.1-19-gbad84ad4-0ubuntu1~16.04.2 finished at Wed, 26 Feb 2025 18:29:46 +0000. Datasource DataSourceNoCloud [seed=/dev/sdb][dsmode=net].  Up 6.06 seconds
[[0;32m  OK  [0m] Started Execute cloud user/final scripts.
[[0;32m  OK  [0m] Reached target Cloud-init target.

Ubuntu 16.04.7 LTS ubuntu-xenial ttyS0

ubuntu-xenial login: 